<?xml version="1.0" encoding="UTF-8"?>
<!-- Generated by org.testng.reporters.JUnitReportReporter -->
<testsuite hostname="DESKTOP-7ACLBJR" name="org.cgtestng.EmployeeDriver" tests="3" failures="0" timestamp="29 Jul 2022 08:51:29 GMT" time="29.910" errors="0">
  <testcase name="test14" time="0.015" classname="org.cgtestng.EmployeeDriver"/>
  <testcase name="test14" time="29.880" classname="org.cgtestng.EmployeeDriver"/>
  <testcase name="test14" time="0.015" classname="org.cgtestng.EmployeeDriver"/>
</testsuite> <!-- org.cgtestng.EmployeeDriver -->
