<?xml version="1.0" encoding="UTF-8"?>
<!-- Generated by org.testng.reporters.JUnitReportReporter -->
<testsuite hostname="DESKTOP-7ACLBJR" name="org.cgtestng.ParelelSampleParameter" tests="2" failures="0" timestamp="29 Jul 2022 05:41:40 GMT" time="0.014" errors="0">
  <testcase name="param1" time="0.012" classname="org.cgtestng.ParelelSampleParameter"/>
  <testcase name="param3" time="0.002" classname="org.cgtestng.ParelelSampleParameter"/>
</testsuite> <!-- org.cgtestng.ParelelSampleParameter -->
