<?xml version="1.0" encoding="UTF-8"?>
<!-- Generated by org.testng.reporters.JUnitReportReporter -->
<testsuite hostname="DESKTOP-7ACLBJR" name="org.cgtestng.ParlelSampleTest" tests="5" failures="0" timestamp="29 Jul 2022 05:41:40 GMT" time="0.018" errors="0">
  <testcase name="sample5" time="0.001" classname="org.cgtestng.ParlelSampleTest"/>
  <testcase name="sample1" time="0.012" classname="org.cgtestng.ParlelSampleTest"/>
  <testcase name="sample3" time="0.002" classname="org.cgtestng.ParlelSampleTest"/>
  <testcase name="sample4" time="0.001" classname="org.cgtestng.ParlelSampleTest"/>
  <testcase name="sample2" time="0.002" classname="org.cgtestng.ParlelSampleTest"/>
</testsuite> <!-- org.cgtestng.ParlelSampleTest -->
