<?xml version="1.0" encoding="UTF-8"?>
<!-- Generated by org.testng.reporters.JUnitReportReporter -->
<testsuite hostname="DESKTOP-7ACLBJR" name="org.cgtestng.SampleParameters" tests="3" failures="0" timestamp="29 Jul 2022 05:16:56 GMT" time="0.013" errors="0">
  <testcase name="param1" time="0.011" classname="org.cgtestng.SampleParameters"/>
  <testcase name="param2" time="0.001" classname="org.cgtestng.SampleParameters"/>
  <testcase name="param3" time="0.001" classname="org.cgtestng.SampleParameters"/>
</testsuite> <!-- org.cgtestng.SampleParameters -->
