<?xml version="1.0" encoding="UTF-8"?>
<!-- Generated by org.testng.reporters.JUnitReportReporter -->
<testsuite hostname="DESKTOP-7ACLBJR" name="org.cgtestng.AnnotationTest" tests="1" failures="0" timestamp="28 Jul 2022 09:44:45 GMT" time="0.007" errors="0">
  <testcase name="test1" time="0.007" classname="org.cgtestng.AnnotationTest"/>
</testsuite> <!-- org.cgtestng.AnnotationTest -->
